[2020-06-08 18:35:00,601] INFO  [::] pe.bf.extranet.proceso.ExtranetEJBTimer.abono:56 - 2°  @Schedule called at: Mon Jun 08 18:35:00 PET 2020
[2020-06-08 18:35:00,623] INFO  [::] pe.bf.extranet.proceso.ExtranetEJBTimer.abono:59 - 2° === Ini : Servicio de Abono ===
[2020-06-08 18:35:00,640] DEBUG [::] pe.bf.extranet.ejb.ExtranetEJB.abono:300 - -------------- (abono) Inicio Abono   ------------------
[2020-06-08 18:35:00,676] DEBUG [::] pe.bf.extranet.dao.TransferenciaDAO.getListTransferenciaPorSolicitud:59 -           solicitudAbono.getIdSolicitudAbono() 39591
[2020-06-08 18:35:00,687] DEBUG [::] pe.bf.extranet.ejb.ExtranetEJB.validaMontoTransferencias:428 - (validaMontoTransferencias) idSolicitudAbono[39591]
[2020-06-08 18:35:00,687] DEBUG [::] pe.bf.extranet.ejb.ExtranetEJB.validaMontoTransferencias:429 - (validaMontoTransferencias) cantTransferencias[1]
[2020-06-08 18:35:00,690] DEBUG [::] pe.bf.extranet.dao.AbonoDAO.getAbonosPorSolicitud:53 - (getAbonosPorSolicitud) SQL_ABONOSPORSOLICITUD SELECT ABO.ID_ABONO,  ABO.ID_SOLICITUDABONO,  ABO.TIPODOCUMENTO,  ABO.NRODOCUMENTO,  ABO.NOMBRES,  ABO.NROCUENTA,  ABO.MONEDA,  ABO.MONTO,  ABO.TIPOPRODUCTO,  ABO.IMPORTEABONO,  ABO.REFERENCIAADCIONAL,  ABO.FLAGVALIDARIDC,  ABO.ID_ESTADO,  ABO.OBSERVACION, sa.id_empresa,  ABO.ult6rrbb FROM extranet.ABONO ABO left join extranet.solicitudabono sa on sa.id_solicitudabono=abo.id_solicitudabono WHERE ABO.ID_SOLICITUDABONO = ?
[2020-06-08 18:35:00,846] DEBUG [::] pe.bf.extranet.ejb.ExtranetEJB.abono:322 - (creaCuentas) Se graban en las tablas del PIF apertura masiva y detalle de apertura masiva
[2020-06-08 18:35:00,852] DEBUG [::] pe.bf.pif.ahorro.dao.DepositoMasivoDAO.getSequenceDepositoMasivo:132 - (getSequenceDepositoMasivo) SQL_SEQUENCEDEPOSITOMASIVO  SELECT AHORRO.CORRELATIVODEPOSITOMASIVO.NEXTVAL  FROM DUAL
[2020-06-08 18:35:00,856] DEBUG [::] pe.bf.pif.ahorro.dao.DepositoMasivoDAO.getSequenceDepositoMasivo:139 - (getSequenceDepositoMasivo) sequence 498731
[2020-06-08 18:35:00,858] DEBUG [::] pe.bf.extranet.ejb.ExtranetEJB.abono:350 - INI : JOMAR 01 dmDAO.ingresarDepositoMasivo 
[2020-06-08 18:35:00,858] DEBUG [::] pe.bf.extranet.ejb.ExtranetEJB.abono:351 - INI : dmDAO.ingresarDepositoMasivo 
[2020-06-08 18:35:00,860] DEBUG [::] pe.bf.extranet.ejb.ExtranetEJB.abono:353 - INI : dmDAO.ingresarDepositoMasivo : dm: DepositoMasivo [empresa=Empresa [idEmpresa=1825, idDistrito=0, ruc=20566125561, nombres=CONSORCIO UNIVERSIDAD SAN IGNACIO DE LOYOLA S.A., direccion=null, telefono1=null, telefono2=null, estado=0, rubro=null, horario=null, diaValidar=0, descripcion=null], correlativoDeposito=498731, fechaCreacion=Mon Jun 08 18:35:00 PET 2020, nombreArchivo=DepCS_20566125561_20200608_MN1111.txt, nombreEmpresa=null, nroRegistros=1, fechaCarga=2020-06-09, estadoCarga=1, tipoCarga=E, tipoCuenta=1, ejecutivoCarga=1, sucursalCarga=500, codigoMedioPago=0, chequeBanco=0, chequeNumero=0, chequeMoneda=1, chequeMonto=8000.0, fechaActivacion=null, ejecutivoActivacion=0, sucursalActivacion=0, fechaArchivo=null]
[2020-06-08 18:35:00,860] DEBUG [::] pe.bf.extranet.ejb.ExtranetEJB.abono:354 - INI : dmDAO.ingresarDepositoMasivo : listaAbonos.size(): 1
[2020-06-08 18:35:00,862] DEBUG [::] pe.bf.pif.ahorro.dao.DepositoMasivoDAO.ingresarDepositoMasivoCabeceraDetalle:212 - --------------------- 2 INI: ingresarDepositoMasivoCabeceraDetalle --------------
[2020-06-08 18:35:00,875] DEBUG [::] pe.bf.pif.ahorro.dao.DepositoMasivoDAO.ingresarDepositoMasivoCabeceraDetalle:215 - 1. respRegistrarDepositoMasivo : true
[2020-06-08 18:35:00,881] DEBUG [::] pe.bf.pif.ahorro.dao.DepositoMasivoDAO.ingresarDetallesDepositoMasivo:264 - Numero de cuenta <8060201984809>      ::    indice= 1
[2020-06-08 18:35:00,892] ERROR [::] pe.bf.pif.ahorro.dao.DepositoMasivoDAO.registrarDetalleDepositoMasivo:333 -  catch : registrarDetalleDepositoMasivo(DetalleDepositoMasivo detdm) 
[2020-06-08 18:35:00,894] ERROR [::] pe.bf.pif.ahorro.dao.DepositoMasivoDAO.registrarDetalleDepositoMasivo:334 - java.sql.SQLSyntaxErrorException: ORA-00904: "CORRELATIVODEPOSITO": invalid identifier

java.sql.SQLSyntaxErrorException: ORA-00904: "CORRELATIVODEPOSITO": invalid identifier

	at pe.bf.pif.ahorro.dao.DepositoMasivoDAO.registrarDetalleDepositoMasivo(DepositoMasivoDAO.java:334)
	at pe.bf.pif.ahorro.dao.DepositoMasivoDAO.ingresarDetallesDepositoMasivo(DepositoMasivoDAO.java:279)
	at pe.bf.pif.ahorro.dao.DepositoMasivoDAO.ingresarDepositoMasivoCabeceraDetalle(DepositoMasivoDAO.java:218)
	at pe.bf.extranet.ejb.ExtranetEJB.abono(ExtranetEJB.java:357)
	at pe.bf.extranet.ejb.ExtranetEJB_hoavi8_NoIntfViewImpl.__WL_invoke(Unknown Source)
	at weblogic.ejb.container.internal.SessionLocalMethodInvoker.invoke(SessionLocalMethodInvoker.java:31)
	at pe.bf.extranet.ejb.ExtranetEJB_hoavi8_NoIntfViewImpl.abono(Unknown Source)
	at pe.bf.extranet.proceso.ExtranetEJBTimer.abono(ExtranetEJBTimer.java:62)
	at sun.reflect.NativeMethodAccessorImpl.invoke0(Native Method)
	at sun.reflect.NativeMethodAccessorImpl.invoke(NativeMethodAccessorImpl.java:39)
	at sun.reflect.DelegatingMethodAccessorImpl.invoke(DelegatingMethodAccessorImpl.java:25)
	at java.lang.reflect.Method.invoke(Method.java:597)
	at com.oracle.pitchfork.inject.Jsr250Metadata.invokeTimeoutMethodInternal(Jsr250Metadata.java:378)
	at com.oracle.pitchfork.intercept.LifecycleEventCallbackInvocationContext.proceed(LifecycleEventCallbackInvocationContext.java:110)
	at com.oracle.pitchfork.intercept.LifecycleEventCallbackInvocationContext.proceed(LifecycleEventCallbackInvocationContext.java:136)
	at com.oracle.pitchfork.intercept.InterceptionMetadata.invokeTimeoutMethod(InterceptionMetadata.java:561)
	at weblogic.ejb.container.injection.EjbComponentCreatorImpl.invokeTimer(EjbComponentCreatorImpl.java:96)
	at weblogic.ejb.container.manager.BaseEJBManager.invokeTimeoutMethod(BaseEJBManager.java:182)
	at weblogic.ejb.container.timer.TimerImpl.timerExpired(TimerImpl.java:396)
	at weblogic.timers.internal.TimerImpl.run(TimerImpl.java:293)
	at weblogic.work.SelfTuningWorkManagerImpl$WorkAdapterImpl.run(SelfTuningWorkManagerImpl.java:545)
	at weblogic.work.ExecuteThread.execute(ExecuteThread.java:256)
	at weblogic.work.ExecuteThread.run(ExecuteThread.java:221)
[2020-06-08 18:35:00,899] DEBUG [::] pe.bf.pif.ahorro.dao.DepositoMasivoDAO.ingresarDetallesDepositoMasivo:280 - boolean res = registrarDetalleDepositoMasivo(detdm);    :    false
[2020-06-08 18:35:00,899] DEBUG [::] pe.bf.pif.ahorro.dao.DepositoMasivoDAO.ingresarDepositoMasivoCabeceraDetalle:219 - 2. ingresarDetallesDepositoMasivo : true
[2020-06-08 18:35:00,900] DEBUG [::] pe.bf.pif.ahorro.dao.DepositoMasivoDAO.ingresarDepositoMasivoCabeceraDetalle:241 - ---------------------  FIN: ingresarDepositoMasivoCabeceraDetalle -------------- respuesta: true
[2020-06-08 18:35:00,901] DEBUG [::] pe.bf.extranet.dao.SolicitudAbonoDAO.actualizarEstadoSolAbono:110 - ---------------------  INI: actualizarEstadoSolAbono --------------
[2020-06-08 18:35:00,904] DEBUG [::] pe.bf.extranet.dao.SolicitudAbonoDAO.actualizarEstadoSolAbono:132 - ---------------------  FIN: actualizarEstadoSolAbono -------------- resp: true
[2020-06-08 18:35:00,904] DEBUG [::] pe.bf.extranet.ejb.ExtranetEJB.abono:412 - --------------------- (abono) Fin de  Abono ---------------
[2020-06-08 18:35:00,905] INFO  [::] pe.bf.extranet.proceso.ExtranetEJBTimer.abono:63 - 2° .....1... resultado abono: 0
[2020-06-08 18:35:00,910] INFO  [::] pe.bf.extranet.ejb.ExtranetEJB.actualizaExtranetAbono:1171 - ------------------------ INI: actualizaExtranetAbono() -------------------------------
[2020-06-08 18:35:00,918] DEBUG [::] pe.bf.extranet.ejb.ExtranetEJB.actualizaExtranetAbono:1183 - Cantidad de Solicitudes en proceso:3
[2020-06-08 18:35:00,920] INFO  [::] pe.bf.pif.ahorro.dao.DepositoMasivoDAO.obtenerResultadoDepositos:349 - listaSolAbono:3
[2020-06-08 18:35:00,921] DEBUG [::] pe.bf.pif.ahorro.dao.DepositoMasivoDAO.obtenerResultadoDepositos:362 - SQL_OBTENERDEPOSITOS: select dm.identificadorempresa, dm.correlativodeposito,dm.codigoextranet, dm.fechacreacion, dm.chequemonto, dm.chequemoneda  from ahorro.depositomasivo dm  left join ahorro.ctrlprocdepositomasivo ctr on ctr.identificadorempresa=dm.identificadorempresa and ctr.correlativodeposito=dm.correlativodeposito  where ctr.estadoproceso != 1 and  dm.codigoextranet in (39589,39590,39591)
[2020-06-08 18:35:01,067] INFO  [::] pe.bf.extranet.ejb.ExtranetEJB.actualizaExtranetAbono:1186 - No se tienen resultados de depósitos terminados
[2020-06-08 18:35:01,067] INFO  [::] pe.bf.extranet.ejb.ExtranetEJB.actualizaExtranetAbono:1268 - ------------------------ FIN: actualizaExtranetAbono() -------------------------------
[2020-06-08 18:35:01,069] INFO  [::] pe.bf.extranet.proceso.ExtranetEJBTimer.abono:65 - 2° .....2... resultado = extranet.actualizaExtranetAbono(): 1
[2020-06-08 18:35:01,069] INFO  [::] pe.bf.extranet.proceso.ExtranetEJBTimer.abono:70 - 2° Fin - Servicio de Abono
